<?xml version="1.0" encoding="UTF-8"?>
<!-- Generated by org.testng.reporters.JUnitReportReporter -->
<testsuite skipped="0" hostname="LakshmiPrasadPC" name="tests.Basics2" tests="1" failures="0" timestamp="08 Jun 2019 10:25:35 GMT" time="0.891" errors="0">
  <testcase name="postData" time="0.891" classname="tests.Basics2"/>
</testsuite> <!-- tests.Basics2 -->
