<?xml version="1.0" encoding="UTF-8"?>
<!-- Generated by org.testng.reporters.JUnitReportReporter -->
<testsuite skipped="0" hostname="LakshmiPrasadPC" name="Basics2" tests="1" failures="0" timestamp="28 May 2019 10:58:43 GMT" time="4.084" errors="0">
  <testcase name="postData" time="4.084" classname="Basics2"/>
</testsuite> <!-- Basics2 -->
